c:\users\trazer\downloads\engine\datastormengine\x64\debug\vc143.pdb
c:\users\trazer\downloads\engine\datastormengine\x64\debug\vc143.idb
c:\users\trazer\downloads\engine\datastormengine\x64\debug\window.obj
c:\users\trazer\downloads\engine\datastormengine\x64\debug\vertexshader.obj
c:\users\trazer\downloads\engine\datastormengine\x64\debug\vertexbuffer.obj
c:\users\trazer\downloads\engine\datastormengine\x64\debug\texturemanager.obj
c:\users\trazer\downloads\engine\datastormengine\x64\debug\texture.obj
c:\users\trazer\downloads\engine\datastormengine\x64\debug\swapchain.obj
c:\users\trazer\downloads\engine\datastormengine\x64\debug\resourcemanager.obj
c:\users\trazer\downloads\engine\datastormengine\x64\debug\resource.obj
c:\users\trazer\downloads\engine\datastormengine\x64\debug\rendersystem.obj
c:\users\trazer\downloads\engine\datastormengine\x64\debug\pixelshader.obj
c:\users\trazer\downloads\engine\datastormengine\x64\debug\meshmanager.obj
c:\users\trazer\downloads\engine\datastormengine\x64\debug\mesh.obj
c:\users\trazer\downloads\engine\datastormengine\x64\debug\material.obj
c:\users\trazer\downloads\engine\datastormengine\x64\debug\main.obj
c:\users\trazer\downloads\engine\datastormengine\x64\debug\inputsystem.obj
c:\users\trazer\downloads\engine\datastormengine\x64\debug\indexbuffer.obj
c:\users\trazer\downloads\engine\datastormengine\x64\debug\graphicsengine.obj
c:\users\trazer\downloads\engine\datastormengine\x64\debug\devicecontext.obj
c:\users\trazer\downloads\engine\datastormengine\x64\debug\constantbuffer.obj
c:\users\trazer\downloads\engine\datastormengine\x64\debug\appwindow.obj
c:\users\trazer\downloads\engine\datastormengine\x64\debug\spaceshootergame.obj
c:\users\trazer\downloads\engine\datastormengine\x64\debug\imgui_widgets.obj
c:\users\trazer\downloads\engine\datastormengine\x64\debug\imgui_tables.obj
c:\users\trazer\downloads\engine\datastormengine\x64\debug\imgui_impl_win32.obj
c:\users\trazer\downloads\engine\datastormengine\x64\debug\imgui_impl_dx11.obj
c:\users\trazer\downloads\engine\datastormengine\x64\debug\imgui_draw.obj
c:\users\trazer\downloads\engine\datastormengine\x64\debug\imgui_demo.obj
c:\users\trazer\downloads\engine\datastormengine\x64\debug\imgui.obj
c:\users\trazer\downloads\engine\datastormengine\x64\debug\debuggingloggui.obj
c:\users\trazer\downloads\engine\debug\datastormengine.pdb
c:\users\trazer\downloads\engine\datastormengine\x64\debug\datastormengine.tlog\cl.command.1.tlog
c:\users\trazer\downloads\engine\datastormengine\x64\debug\datastormengine.tlog\cl.read.1.tlog
c:\users\trazer\downloads\engine\datastormengine\x64\debug\datastormengine.tlog\cl.write.1.tlog
c:\users\trazer\downloads\engine\datastormengine\x64\debug\datastormengine.tlog\link-cvtres.read.1.tlog
c:\users\trazer\downloads\engine\datastormengine\x64\debug\datastormengine.tlog\link-cvtres.write.1.tlog
c:\users\trazer\downloads\engine\datastormengine\x64\debug\datastormengine.tlog\link-rc.read.1.tlog
c:\users\trazer\downloads\engine\datastormengine\x64\debug\datastormengine.tlog\link-rc.write.1.tlog
c:\users\trazer\downloads\engine\datastormengine\x64\debug\datastormengine.tlog\link.10000-cvtres.read.1.tlog
c:\users\trazer\downloads\engine\datastormengine\x64\debug\datastormengine.tlog\link.10000-cvtres.write.1.tlog
c:\users\trazer\downloads\engine\datastormengine\x64\debug\datastormengine.tlog\link.10000-rc.read.1.tlog
c:\users\trazer\downloads\engine\datastormengine\x64\debug\datastormengine.tlog\link.10000-rc.write.1.tlog
c:\users\trazer\downloads\engine\datastormengine\x64\debug\datastormengine.tlog\link.10000.read.1.tlog
c:\users\trazer\downloads\engine\datastormengine\x64\debug\datastormengine.tlog\link.10000.read.2.tlog
c:\users\trazer\downloads\engine\datastormengine\x64\debug\datastormengine.tlog\link.10000.write.1.tlog
c:\users\trazer\downloads\engine\datastormengine\x64\debug\datastormengine.tlog\link.command.1.tlog
c:\users\trazer\downloads\engine\datastormengine\x64\debug\datastormengine.tlog\link.read.1.tlog
c:\users\trazer\downloads\engine\datastormengine\x64\debug\datastormengine.tlog\link.read.3.tlog
c:\users\trazer\downloads\engine\datastormengine\x64\debug\datastormengine.tlog\link.write.1.tlog
